<?xml version="1.0" encoding="UTF-8"?>
<!-- Generated by org.testng.reporters.JUnitReportReporter -->
<testsuite hostname="Aswins-MacBook-Air.local" failures="0" tests="1" name="Day.Five.prb73" time="0.012" errors="0" timestamp="2023-04-27T16:13:42 IST" skipped="0">
  <testcase classname="Day.Five.prb73" name="TC_001" time="0.012"/>
  <system-out/>
</testsuite> <!-- Day.Five.prb73 -->
