<?xml version="1.0" encoding="UTF-8"?>
<!-- Generated by org.testng.reporters.JUnitReportReporter -->
<testsuite hostname="Aswins-MacBook-Air.local" failures="0" tests="3" name="Day.Five.SmokeTest" time="0.014" errors="0" timestamp="2023-04-27T16:06:33 IST" skipped="0">
  <testcase classname="Day.Five.SmokeTest" name="TC_001" time="0.011"/>
  <system-out/>
  <testcase classname="Day.Five.SmokeTest" name="TC_003" time="0.002"/>
  <system-out/>
  <testcase classname="Day.Five.SmokeTest" name="TC_002" time="0.001"/>
  <system-out/>
</testsuite> <!-- Day.Five.SmokeTest -->
